<?xml version="1.0" encoding="UTF-8"?>
<!-- Generated by org.testng.reporters.JUnitReportReporter -->
<testsuite hostname="DESKTOP-KE5AITE" failures="0" tests="2" name="TestNGTutorials.day3" time="0.009" errors="0" timestamp="2022-05-27T13:51:53 IST" skipped="0">
  <testcase classname="TestNGTutorials.day3" name="mobileLoginCarLoan" time="0.007"/>
  <system-out/>
  <testcase classname="TestNGTutorials.day3" name="loginAPICarLoan" time="0.002"/>
  <system-out/>
</testsuite> <!-- TestNGTutorials.day3 -->
