<?xml version="1.0" encoding="UTF-8"?>
<!-- Generated by org.testng.reporters.JUnitReportReporter -->
<testsuite hostname="DESKTOP-KE5AITE" failures="0" tests="3" name="TestNGTutorials.day1" time="0.018" errors="0" timestamp="2022-05-27T13:51:53 IST" skipped="0">
  <testcase classname="TestNGTutorials.day1" name="sunday" time="0.003"/>
  <system-out/>
  <testcase classname="TestNGTutorials.day1" name="funDay" time="0.011"/>
  <system-out/>
  <testcase classname="TestNGTutorials.day1" name="method" time="0.004"/>
  <system-out/>
</testsuite> <!-- TestNGTutorials.day1 -->
