<?xml version="1.0" encoding="UTF-8"?>
<!-- Generated by org.testng.reporters.JUnitReportReporter -->
<testsuite hostname="DESKTOP-KE5AITE" failures="0" tests="2" name="SeleniumBasic.JavaStreamsTest" time="0.015" errors="0" timestamp="2022-05-21T12:22:24 IST" skipped="0">
  <testcase classname="SeleniumBasic.JavaStreamsTest" name="streamFilter" time="0.004"/>
  <system-out/>
  <testcase classname="SeleniumBasic.JavaStreamsTest" name="regular" time="0.011"/>
  <system-out/>
</testsuite> <!-- SeleniumBasic.JavaStreamsTest -->
