<?xml version="1.0" encoding="UTF-8"?>
<!-- Generated by org.testng.reporters.JUnitReportReporter -->
<testsuite hostname="DESKTOP-KE5AITE" failures="0" tests="2" name="TestNGTutorials.day4" time="0.003" errors="0" timestamp="2022-05-27T13:51:53 IST" skipped="0">
  <testcase classname="TestNGTutorials.day4" name="mobileLoginHomeLoan" time="0.002"/>
  <system-out/>
  <testcase classname="TestNGTutorials.day4" name="webLoginHomeLoan" time="0.001"/>
  <system-out/>
</testsuite> <!-- TestNGTutorials.day4 -->
