<?xml version="1.0" encoding="UTF-8"?>
<!-- Generated by org.testng.reporters.JUnitReportReporter -->
<testsuite hostname="DESKTOP-KE5AITE" failures="0" tests="2" name="TestNGTutorials.day2" time="0.007" errors="0" timestamp="2022-05-27T13:51:53 IST" skipped="0">
  <testcase classname="TestNGTutorials.day2" name="funDay1" time="0.001"/>
  <system-out/>
  <testcase classname="TestNGTutorials.day2" name="method1" time="0.006"/>
  <system-out/>
</testsuite> <!-- TestNGTutorials.day2 -->
