<?xml version="1.0" encoding="UTF-8"?>
<!-- Generated by org.testng.reporters.JUnitReportReporter -->
<testsuite hostname="DESKTOP-KE5AITE" failures="0" tests="1" name="TestNGTutorials.NewTest" time="0.009" errors="0" timestamp="2022-05-21T17:31:03 IST" skipped="0">
  <testcase classname="TestNGTutorials.NewTest" name="f" time="0.009"/>
  <system-out/>
</testsuite> <!-- TestNGTutorials.NewTest -->
